TTLocalizer: Running in language: English
OTPLocalizer: Running in language: English
Preloading suits...
Preloading Toon heads...
Preloading avatars...
{401000001: <toontown.distributed.ToontownDistrict.ToontownDistrict instance at 0x12030D78>}
__handleAvatarChooserDone: 100000010, 'Presto', ('css', 'ms', 's', 'm', 37, 39, 37, 37, 10, 1, 0, 1, 1, 0, 0), 0
:(ToontownControlManager) WASD support was enabled.
0
Reading DNA file... phase_4/dna/storage.pdna
Reading DNA file... phase_3.5/dna/storage_interior.pdna
Reading DNA file... phase_8/dna/storage_BR.pdna
Reading DNA file... phase_8/dna/storage_BR_sz.pdna
Reading DNA file... phase_8/dna/the_burrrgh_sz.pdna
:(ToontownControlManager) WASD support was enabled.
Reading DNA file... phase_5/dna/storage_town.pdna
Reading DNA file... phase_8/dna/storage_BR_town.pdna
Reading DNA file... phase_8/dna/the_burrrgh_3300.pdna
:(ToontownControlManager) WASD support was enabled.
disableWASD()
enableWASD
:(ToontownControlManager) WASD support was enabled.
:(ToontownControlManager) WASD support was enabled.
Battle Event localtoon-battle-event-3
disableWASD()
enableWASD
disableWASD()
enableWASD
:(ToontownControlManager) WASD support was enabled.
Battle Event localtoon-battle-event-8
### newVec3 =  LVector3f(2, 6.3, 1.5)
### newVec3 =  LVector3f(2, 6.3, 0)
### newVec3 =  LVector3f(2, 6.3, 0.375)
### newVec3 =  LVector3f(2, 6.3, 0)
disableWASD()
enableWASD
:(ToontownControlManager) WASD support was enabled.
Reading DNA file... phase_5/dna/storage_town.pdna
Reading DNA file... phase_8/dna/storage_BR_town.pdna
Reading DNA file... phase_8/dna/the_burrrgh_3300.pdna
:(ToontownControlManager) WASD support was enabled.
OnscreenText.configure: mayChange == 0
OnscreenText.configure: mayChange == 0
OnscreenText.configure: mayChange == 0
OnscreenText.configure: mayChange == 0
:(ToontownControlManager) WASD support was disabled.
:(ToontownControlManager) WASD support was disabled.
Traceback (most recent call last):
  File "C:\Users\Josh\Documents\Toontown Empire\Toontown Empire\Toontown Empire\Toontown Empire\src\dependencies\panda\direct\distributed\ConnectionRepository.py", line 617, in readerPollUntilEmpty
    while self.readerPollOnce():
  File "C:\Users\Josh\Documents\Toontown Empire\Toontown Empire\Toontown Empire\Toontown Empire\src\dependencies\panda\direct\distributed\ConnectionRepository.py", line 624, in readerPollOnce
    self.handleDatagram(self.private__di)
  File "otp\distributed\OTPClientRepository.py", line 1265, in handleDatagram
    self.handler(msgType, di)
  File "otp\distributed\OTPClientRepository.py", line 1010, in handlePlayGame
    self.handleGenerateWithRequired(di)
  File "otp\distributed\OTPClientRepository.py", line 1332, in handleGenerateWithRequired
    return self.__doGenerate(doId, parentId, zoneId, classId, di, other)
  File "otp\distributed\OTPClientRepository.py", line 1396, in __doGenerate
    self.generateWithRequiredFields(dclass, doId, di, parentId, zoneId)
  File "C:\Users\Josh\Documents\Toontown Empire\Toontown Empire\Toontown Empire\Toontown Empire\src\dependencies\panda\direct\distributed\ClientRepositoryBase.py", line 265, in generateWithRequiredFields
    distObj.updateRequiredFields(dclass, di)
  File "C:\Users\Josh\Documents\Toontown Empire\Toontown Empire\Toontown Empire\Toontown Empire\src\dependencies\panda\direct\distributed\DistributedObject.py", line 337, in updateRequiredFields
    self.announceGenerate()
  File "toontown\cogdominium\DistCogdoGame.py", line 92, in announceGenerate
    self.loadFSM.request('Loaded')
  File "C:\Users\Josh\Documents\Toontown Empire\Toontown Empire\Toontown Empire\Toontown Empire\src\dependencies\panda\direct\fsm\ClassicFSM.py", line 284, in request
    exitArgList)
  File "C:\Users\Josh\Documents\Toontown Empire\Toontown Empire\Toontown Empire\Toontown Empire\src\dependencies\panda\direct\fsm\ClassicFSM.py", line 231, in __transition
    self.__enter(aState, enterArgList)
  File "C:\Users\Josh\Documents\Toontown Empire\Toontown Empire\Toontown Empire\Toontown Empire\src\dependencies\panda\direct\fsm\ClassicFSM.py", line 217, in __enter
    aState.enter(argList)
  File "C:\Users\Josh\Documents\Toontown Empire\Toontown Empire\Toontown Empire\Toontown Empire\src\dependencies\panda\direct\fsm\State.py", line 203, in enter
    apply(self.__enterFunc, argList)
  File "toontown\cogdominium\DistCogdoFlyingGame.py", line 115, in enterLoaded
    self.game.initPlayers()
  File "toontown\cogdominium\CogdoFlyingGame.py", line 50, in initPlayers
    player = CogdoFlyingLocalPlayer(toon, self, self.level, self.guiMgr)
  File "toontown\cogdominium\CogdoFlyingLocalPlayer.py", line 109, in __init__
    self.initLocalPlayerIntervals()
  File "toontown\cogdominium\CogdoFlyingLocalPlayer.py", line 165, in initLocalPlayerIntervals
    self.outOfTimeInterval = Sequence(Func(messenger.send, CogdoFlyingLocalPlayer.PlayWaitingMusicEventName), Func(self._loseSfx.play), Func(base.transitions.irisOut), Wait(1.0), Func(self.resetVelocities), Func(self._guiMgr.setMessage, '', transition=None), Func(self.toon.stash), Func(self.toonSpawnFunc), name='%s.outOfTimeInterval' % self.__class__.__name__)
  File "C:\Users\Josh\Documents\Toontown Empire\Toontown Empire\Toontown Empire\Toontown Empire\src\dependencies\panda\direct\interval\FunctionInterval.py", line 308, in __init__
    FunctionInterval.__init__(self, function, **kw)
  File "C:\Users\Josh\Documents\Toontown Empire\Toontown Empire\Toontown Empire\Toontown Empire\src\dependencies\panda\direct\interval\FunctionInterval.py", line 61, in __init__
    name = self.makeUniqueName(function)
  File "C:\Users\Josh\Documents\Toontown Empire\Toontown Empire\Toontown Empire\Toontown Empire\src\dependencies\panda\direct\interval\FunctionInterval.py", line 80, in makeUniqueName
    name = 'Func-%s-%d' % (getattr(func, '__name__', str(func)), FunctionInterval.functionIntervalNum)
  File "C:\Users\Josh\Documents\Toontown Empire\Toontown Empire\Toontown Empire\Toontown Empire\src\dependencies\panda\direct\showbase\Messenger.py", line 662, in __repr__
    str += self.__eventRepr(event)
  File "C:\Users\Josh\Documents\Toontown Empire\Toontown Empire\Toontown Empire\Toontown Empire\src\dependencies\panda\direct\showbase\Messenger.py", line 647, in __eventRepr
    str = event.ljust(32) + '\t'
AttributeError: 'NoneType' object has no attribute 'ljust'
Traceback (most recent call last):
  File "otp\otpbase\OTPBase.py", line 178, in run
    taskMgr.run()
  File "C:\Users\Josh\Documents\Toontown Empire\Toontown Empire\Toontown Empire\Toontown Empire\src\dependencies\panda\direct\task\Task.py", line 502, in run
    self.step()
  File "C:\Users\Josh\Documents\Toontown Empire\Toontown Empire\Toontown Empire\Toontown Empire\src\dependencies\panda\direct\task\Task.py", line 460, in step
    self.mgr.poll()
  File "C:\Users\Josh\Documents\Toontown Empire\Toontown Empire\Toontown Empire\Toontown Empire\src\dependencies\panda\direct\distributed\ConnectionRepository.py", line 617, in readerPollUntilEmpty
    while self.readerPollOnce():
  File "C:\Users\Josh\Documents\Toontown Empire\Toontown Empire\Toontown Empire\Toontown Empire\src\dependencies\panda\direct\distributed\ConnectionRepository.py", line 624, in readerPollOnce
    self.handleDatagram(self.private__di)
  File "otp\distributed\OTPClientRepository.py", line 1265, in handleDatagram
    self.handler(msgType, di)
  File "otp\distributed\OTPClientRepository.py", line 1010, in handlePlayGame
    self.handleGenerateWithRequired(di)
  File "otp\distributed\OTPClientRepository.py", line 1332, in handleGenerateWithRequired
    return self.__doGenerate(doId, parentId, zoneId, classId, di, other)
  File "otp\distributed\OTPClientRepository.py", line 1396, in __doGenerate
    self.generateWithRequiredFields(dclass, doId, di, parentId, zoneId)
  File "C:\Users\Josh\Documents\Toontown Empire\Toontown Empire\Toontown Empire\Toontown Empire\src\dependencies\panda\direct\distributed\ClientRepositoryBase.py", line 265, in generateWithRequiredFields
    distObj.updateRequiredFields(dclass, di)
  File "C:\Users\Josh\Documents\Toontown Empire\Toontown Empire\Toontown Empire\Toontown Empire\src\dependencies\panda\direct\distributed\DistributedObject.py", line 337, in updateRequiredFields
    self.announceGenerate()
  File "toontown\cogdominium\DistCogdoGame.py", line 92, in announceGenerate
    self.loadFSM.request('Loaded')
  File "C:\Users\Josh\Documents\Toontown Empire\Toontown Empire\Toontown Empire\Toontown Empire\src\dependencies\panda\direct\fsm\ClassicFSM.py", line 284, in request
    exitArgList)
  File "C:\Users\Josh\Documents\Toontown Empire\Toontown Empire\Toontown Empire\Toontown Empire\src\dependencies\panda\direct\fsm\ClassicFSM.py", line 231, in __transition
    self.__enter(aState, enterArgList)
  File "C:\Users\Josh\Documents\Toontown Empire\Toontown Empire\Toontown Empire\Toontown Empire\src\dependencies\panda\direct\fsm\ClassicFSM.py", line 217, in __enter
    aState.enter(argList)
  File "C:\Users\Josh\Documents\Toontown Empire\Toontown Empire\Toontown Empire\Toontown Empire\src\dependencies\panda\direct\fsm\State.py", line 203, in enter
    apply(self.__enterFunc, argList)
  File "toontown\cogdominium\DistCogdoFlyingGame.py", line 115, in enterLoaded
    self.game.initPlayers()
  File "toontown\cogdominium\CogdoFlyingGame.py", line 50, in initPlayers
    player = CogdoFlyingLocalPlayer(toon, self, self.level, self.guiMgr)
  File "toontown\cogdominium\CogdoFlyingLocalPlayer.py", line 109, in __init__
    self.initLocalPlayerIntervals()
  File "toontown\cogdominium\CogdoFlyingLocalPlayer.py", line 165, in initLocalPlayerIntervals
    self.outOfTimeInterval = Sequence(Func(messenger.send, CogdoFlyingLocalPlayer.PlayWaitingMusicEventName), Func(self._loseSfx.play), Func(base.transitions.irisOut), Wait(1.0), Func(self.resetVelocities), Func(self._guiMgr.setMessage, '', transition=None), Func(self.toon.stash), Func(self.toonSpawnFunc), name='%s.outOfTimeInterval' % self.__class__.__name__)
  File "C:\Users\Josh\Documents\Toontown Empire\Toontown Empire\Toontown Empire\Toontown Empire\src\dependencies\panda\direct\interval\FunctionInterval.py", line 308, in __init__
    FunctionInterval.__init__(self, function, **kw)
  File "C:\Users\Josh\Documents\Toontown Empire\Toontown Empire\Toontown Empire\Toontown Empire\src\dependencies\panda\direct\interval\FunctionInterval.py", line 61, in __init__
    name = self.makeUniqueName(function)
  File "C:\Users\Josh\Documents\Toontown Empire\Toontown Empire\Toontown Empire\Toontown Empire\src\dependencies\panda\direct\interval\FunctionInterval.py", line 80, in makeUniqueName
    name = 'Func-%s-%d' % (getattr(func, '__name__', str(func)), FunctionInterval.functionIntervalNum)
  File "C:\Users\Josh\Documents\Toontown Empire\Toontown Empire\Toontown Empire\Toontown Empire\src\dependencies\panda\direct\showbase\Messenger.py", line 662, in __repr__
    str += self.__eventRepr(event)
  File "C:\Users\Josh\Documents\Toontown Empire\Toontown Empire\Toontown Empire\Toontown Empire\src\dependencies\panda\direct\showbase\Messenger.py", line 647, in __eventRepr
    str = event.ljust(32) + '\t'
AttributeError: 'NoneType' object has no attribute 'ljust'
