TTLocalizer: Running in language: English
OTPLocalizer: Running in language: English
Preloading suits...
Preloading Toon heads...
Preloading avatars...
{401000001: <toontown.distributed.ToontownDistrict.ToontownDistrict instance at 0x13707580>}
__handleAvatarChooserDone: 100000007, 'Dynamite', ('dss', 'ms', 's', 'm', 26, 26, 26, 26, 2, 4, 2, 4, 5, 4, 0), 0
Traceback (most recent call last):
  File "C:\Users\Josh\Documents\Toontown Empire\Toontown Empire\Toontown Empire\src\dependencies\panda\direct\distributed\ConnectionRepository.py", line 617, in readerPollUntilEmpty
    while self.readerPollOnce():
  File "C:\Users\Josh\Documents\Toontown Empire\Toontown Empire\Toontown Empire\src\dependencies\panda\direct\distributed\ConnectionRepository.py", line 624, in readerPollOnce
    self.handleDatagram(self.private__di)
  File "otp\distributed\OTPClientRepository.py", line 1263, in handleDatagram
    self.handleMessageType(msgType, di)
  File "otp\distributed\OTPClientRepository.py", line 1152, in handleMessageType
    self.handleGenerateWithRequiredOtherOwner(di)
  File "toontown\distributed\ToontownClientRepository.py", line 815, in handleGenerateWithRequiredOtherOwner
    self.handleAvatarResponseMsg(doId, di)
  File "toontown\distributed\ToontownClientRepository.py", line 297, in handleAvatarResponseMsg
    localAvatar = LocalToon.LocalToon(self)
  File "toontown\toon\LocalToon.py", line 83, in __init__
    chatMgr = ToontownChatManager.ToontownChatManager(cr, self)
  File "toontown\chat\ToontownChatManager.py", line 36, in __init__
    self.chatInputSpeedChat = TTChatInputSpeedChat(self)
  File "toontown\chat\TTChatInputSpeedChat.py", line 361, in __init__
    self.createSpeedChat()
  File "toontown\chat\TTChatInputSpeedChat.py", line 433, in createSpeedChat
    self.createSpeedChatObject(structure)
  File "toontown\chat\TTChatInputSpeedChat.py", line 527, in createSpeedChatObject
    self.speedChat = SpeedChat(structure=structure, backgroundModelName='phase_3/models/gui/ChatPanel', guiModelName='phase_3.5/models/gui/speedChatGui')
  File "otp\speedchat\SpeedChat.py", line 17, in __init__
    self.rebuildFromStructure(structure)
  File "otp\speedchat\SCMenu.py", line 94, in rebuildFromStructure
    self.appendFromStructure(structure)
  File "otp\speedchat\SCMenu.py", line 131, in appendFromStructure
    addChildren(self, structure)
  File "otp\speedchat\SCMenu.py", line 125, in addChildren
    addChildren(subMenu, subMenuChildren)
  File "otp\speedchat\SCMenu.py", line 108, in addChildren
    terminal = SCStaticTextTerminal(child)
  File "otp\speedchat\SCStaticTextTerminal.py", line 14, in __init__
    self.text = SpeedChatStaticText[self.textId]
KeyError: 11000
Traceback (most recent call last):
  File "otp\otpbase\OTPBase.py", line 178, in run
    taskMgr.run()
  File "C:\Users\Josh\Documents\Toontown Empire\Toontown Empire\Toontown Empire\src\dependencies\panda\direct\task\Task.py", line 502, in run
    self.step()
  File "C:\Users\Josh\Documents\Toontown Empire\Toontown Empire\Toontown Empire\src\dependencies\panda\direct\task\Task.py", line 460, in step
    self.mgr.poll()
  File "C:\Users\Josh\Documents\Toontown Empire\Toontown Empire\Toontown Empire\src\dependencies\panda\direct\distributed\ConnectionRepository.py", line 617, in readerPollUntilEmpty
    while self.readerPollOnce():
  File "C:\Users\Josh\Documents\Toontown Empire\Toontown Empire\Toontown Empire\src\dependencies\panda\direct\distributed\ConnectionRepository.py", line 624, in readerPollOnce
    self.handleDatagram(self.private__di)
  File "otp\distributed\OTPClientRepository.py", line 1263, in handleDatagram
    self.handleMessageType(msgType, di)
  File "otp\distributed\OTPClientRepository.py", line 1152, in handleMessageType
    self.handleGenerateWithRequiredOtherOwner(di)
  File "toontown\distributed\ToontownClientRepository.py", line 815, in handleGenerateWithRequiredOtherOwner
    self.handleAvatarResponseMsg(doId, di)
  File "toontown\distributed\ToontownClientRepository.py", line 297, in handleAvatarResponseMsg
    localAvatar = LocalToon.LocalToon(self)
  File "toontown\toon\LocalToon.py", line 83, in __init__
    chatMgr = ToontownChatManager.ToontownChatManager(cr, self)
  File "toontown\chat\ToontownChatManager.py", line 36, in __init__
    self.chatInputSpeedChat = TTChatInputSpeedChat(self)
  File "toontown\chat\TTChatInputSpeedChat.py", line 361, in __init__
    self.createSpeedChat()
  File "toontown\chat\TTChatInputSpeedChat.py", line 433, in createSpeedChat
    self.createSpeedChatObject(structure)
  File "toontown\chat\TTChatInputSpeedChat.py", line 527, in createSpeedChatObject
    self.speedChat = SpeedChat(structure=structure, backgroundModelName='phase_3/models/gui/ChatPanel', guiModelName='phase_3.5/models/gui/speedChatGui')
  File "otp\speedchat\SpeedChat.py", line 17, in __init__
    self.rebuildFromStructure(structure)
  File "otp\speedchat\SCMenu.py", line 94, in rebuildFromStructure
    self.appendFromStructure(structure)
  File "otp\speedchat\SCMenu.py", line 131, in appendFromStructure
    addChildren(self, structure)
  File "otp\speedchat\SCMenu.py", line 125, in addChildren
    addChildren(subMenu, subMenuChildren)
  File "otp\speedchat\SCMenu.py", line 108, in addChildren
    terminal = SCStaticTextTerminal(child)
  File "otp\speedchat\SCStaticTextTerminal.py", line 14, in __init__
    self.text = SpeedChatStaticText[self.textId]
KeyError: 11000
