TTLocalizer: Running in language: English
OTPLocalizer: Running in language: English
Preloading suits...
Preloading Toon heads...
Preloading avatars...
{401000001: <toontown.distributed.ToontownDistrict.ToontownDistrict instance at 0x14B23418>}
__handleAvatarChooserDone: 100000007, 'Dynamite', ('dss', 'ms', 's', 'm', 26, 26, 26, 26, 2, 4, 2, 4, 5, 4, 0), 0
0
Reading DNA file... phase_4/dna/storage.pdna
Reading DNA file... phase_3.5/dna/storage_interior.pdna
Reading DNA file... phase_4/dna/storage_TT.pdna
Reading DNA file... phase_4/dna/storage_TT_sz.pdna
Reading DNA file... phase_4/dna/toontown_central_sz.pdna
Traceback (most recent call last):
  File "otp\avatar\LocalAvatar.py", line 1062, in trackAnimToSpeed
    action = self.setSpeed(speed, rotSpeed)
  File "toontown\toon\Toon.py", line 1337, in setSpeed
    self.motion.setState(anim, rate)
  File "toontown\toon\Motion.py", line 110, in setState
    self.fsm.request(anim, [rate])
  File "C:\Users\Josh\Documents\Toontown Empire\Toontown Empire\src\dependencies\panda\direct\fsm\ClassicFSM.py", line 284, in request
    exitArgList)
  File "C:\Users\Josh\Documents\Toontown Empire\Toontown Empire\src\dependencies\panda\direct\fsm\ClassicFSM.py", line 231, in __transition
    self.__enter(aState, enterArgList)
  File "C:\Users\Josh\Documents\Toontown Empire\Toontown Empire\src\dependencies\panda\direct\fsm\ClassicFSM.py", line 217, in __enter
    aState.enter(argList)
  File "C:\Users\Josh\Documents\Toontown Empire\Toontown Empire\src\dependencies\panda\direct\fsm\State.py", line 203, in enter
    apply(self.__enterFunc, argList)
  File "toontown\toon\Motion.py", line 65, in enterRun
    Emote.globalEmote.disableBody(self.lt, 'enterRun')
  File "toontown\toon\TTEmote.py", line 437, in disableBody
    self.disableGroup(self.bodyEmotes, toon)
  File "toontown\toon\TTEmote.py", line 460, in disableGroup
    self.disable(i, toon)
  File "toontown\toon\TTEmote.py", line 474, in disable
    self.emoteFunc[index][1] = self.emoteFunc[index][1] + 1
IndexError: list index out of range
Traceback (most recent call last):
  File "otp\otpbase\OTPBase.py", line 178, in run
    taskMgr.run()
  File "C:\Users\Josh\Documents\Toontown Empire\Toontown Empire\src\dependencies\panda\direct\task\Task.py", line 502, in run
    self.step()
  File "C:\Users\Josh\Documents\Toontown Empire\Toontown Empire\src\dependencies\panda\direct\task\Task.py", line 460, in step
    self.mgr.poll()
  File "otp\avatar\LocalAvatar.py", line 1062, in trackAnimToSpeed
    action = self.setSpeed(speed, rotSpeed)
  File "toontown\toon\Toon.py", line 1337, in setSpeed
    self.motion.setState(anim, rate)
  File "toontown\toon\Motion.py", line 110, in setState
    self.fsm.request(anim, [rate])
  File "C:\Users\Josh\Documents\Toontown Empire\Toontown Empire\src\dependencies\panda\direct\fsm\ClassicFSM.py", line 284, in request
    exitArgList)
  File "C:\Users\Josh\Documents\Toontown Empire\Toontown Empire\src\dependencies\panda\direct\fsm\ClassicFSM.py", line 231, in __transition
    self.__enter(aState, enterArgList)
  File "C:\Users\Josh\Documents\Toontown Empire\Toontown Empire\src\dependencies\panda\direct\fsm\ClassicFSM.py", line 217, in __enter
    aState.enter(argList)
  File "C:\Users\Josh\Documents\Toontown Empire\Toontown Empire\src\dependencies\panda\direct\fsm\State.py", line 203, in enter
    apply(self.__enterFunc, argList)
  File "toontown\toon\Motion.py", line 65, in enterRun
    Emote.globalEmote.disableBody(self.lt, 'enterRun')
  File "toontown\toon\TTEmote.py", line 437, in disableBody
    self.disableGroup(self.bodyEmotes, toon)
  File "toontown\toon\TTEmote.py", line 460, in disableGroup
    self.disable(i, toon)
  File "toontown\toon\TTEmote.py", line 474, in disable
    self.emoteFunc[index][1] = self.emoteFunc[index][1] + 1
IndexError: list index out of range
