TTLocalizer: Running in language: English
OTPLocalizer: Running in language: English
Preloading suits...
Preloading Toon heads...
Preloading avatars...
Traceback (most recent call last):
  File "C:\Users\Josh\Documents\Toontown Empire\Toontown Empire\src\dependencies\panda\python\lib\runpy.py", line 162, in _run_module_as_main
    "__main__", fname, loader, pkg_name)
  File "C:\Users\Josh\Documents\Toontown Empire\Toontown Empire\src\dependencies\panda\python\lib\runpy.py", line 72, in _run_code
    exec code in run_globals
  File "C:\Users\Josh\Documents\Toontown Empire\Toontown Empire\src\toontown\toonbase\ClientStart.py", line 156, in <module>
    from toontown.distributed import ToontownClientRepository
  File "toontown\distributed\ToontownClientRepository.py", line 30, in <module>
    from toontown.friends import FriendsListPanel
  File "toontown\friends\FriendsListPanel.py", line 5, in <module>
    from toontown.toon import ToonAvatarPanel
  File "toontown\toon\ToonAvatarPanel.py", line 13, in <module>
    import ToonAvatarDetailPanel
  File "toontown\toon\ToonAvatarDetailPanel.py", line 9, in <module>
    import DistributedToon
  File "toontown\toon\DistributedToon.py", line 19, in <module>
    import TTEmote
  File "toontown\toon\TTEmote.py", line 527, in <module>
    Emote.globalEmote = TTEmote()
  File "toontown\toon\TTEmote.py", line 400, in __init__
    self.notify.error('Emote.EmoteFunc and OTPLocalizer.EmoteList are different lengths.')
  File "C:\Users\Josh\Documents\Toontown Empire\Toontown Empire\src\dependencies\panda\direct\directnotify\Notifier.py", line 136, in error
    raise exception(errorString)
StandardError: Emote.EmoteFunc and OTPLocalizer.EmoteList are different lengths.
