TTLocalizer: Running in language: English
OTPLocalizer: Running in language: English
Preloading suits...
Preloading Toon heads...
Preloading avatars...
{401000001: <toontown.distributed.ToontownDistrict.ToontownDistrict instance at 0x1886AA58>}
__handleAvatarChooserDone: 100000010, 'Presto', ('css', 'ms', 's', 'm', 37, 37, 37, 37, 10, 1, 0, 1, 1, 0, 0), 0
0
Reading DNA file... phase_4/dna/storage.pdna
Reading DNA file... phase_3.5/dna/storage_interior.pdna
Reading DNA file... phase_4/dna/storage_TT.pdna
Reading DNA file... phase_4/dna/storage_TT_sz.pdna
Reading DNA file... phase_4/dna/toontown_central_sz.pdna
Traceback (most recent call last):
  File "C:\Users\Josh\Documents\Toontown Empire\Toontown Empire\Toontown Empire\Toontown Empire\src\dependencies\panda\direct\showbase\EventManager.py", line 61, in eventLoopTask
    self.doEvents()
  File "C:\Users\Josh\Documents\Toontown Empire\Toontown Empire\Toontown Empire\Toontown Empire\src\dependencies\panda\direct\showbase\EventManager.py", line 55, in doEvents
    processFunc(self.eventQueue.dequeueEvent())
  File "C:\Users\Josh\Documents\Toontown Empire\Toontown Empire\Toontown Empire\Toontown Empire\src\dependencies\panda\direct\showbase\EventManager.py", line 122, in processEvent
    messenger.send(eventName, paramList)
  File "C:\Users\Josh\Documents\Toontown Empire\Toontown Empire\Toontown Empire\Toontown Empire\src\dependencies\panda\direct\showbase\Messenger.py", line 397, in send
    self.__dispatch(acceptorDict, event, sentArgs, foundWatch)
  File "C:\Users\Josh\Documents\Toontown Empire\Toontown Empire\Toontown Empire\Toontown Empire\src\dependencies\panda\direct\showbase\Messenger.py", line 482, in __dispatch
    method (*(extraArgs + sentArgs))
  File "toontown\building\DistributedDoor.py", line 342, in doorTrigger
    if self.isDoorHit():
  File "toontown\building\DistributedDoor.py", line 311, in isDoorHit
    return yToTest and isFacingForward
NameError: global name 'yToTest' is not defined
Traceback (most recent call last):
  File "otp\otpbase\OTPBase.py", line 178, in run
    taskMgr.run()
  File "C:\Users\Josh\Documents\Toontown Empire\Toontown Empire\Toontown Empire\Toontown Empire\src\dependencies\panda\direct\task\Task.py", line 502, in run
    self.step()
  File "C:\Users\Josh\Documents\Toontown Empire\Toontown Empire\Toontown Empire\Toontown Empire\src\dependencies\panda\direct\task\Task.py", line 460, in step
    self.mgr.poll()
  File "C:\Users\Josh\Documents\Toontown Empire\Toontown Empire\Toontown Empire\Toontown Empire\src\dependencies\panda\direct\showbase\EventManager.py", line 61, in eventLoopTask
    self.doEvents()
  File "C:\Users\Josh\Documents\Toontown Empire\Toontown Empire\Toontown Empire\Toontown Empire\src\dependencies\panda\direct\showbase\EventManager.py", line 55, in doEvents
    processFunc(self.eventQueue.dequeueEvent())
  File "C:\Users\Josh\Documents\Toontown Empire\Toontown Empire\Toontown Empire\Toontown Empire\src\dependencies\panda\direct\showbase\EventManager.py", line 122, in processEvent
    messenger.send(eventName, paramList)
  File "C:\Users\Josh\Documents\Toontown Empire\Toontown Empire\Toontown Empire\Toontown Empire\src\dependencies\panda\direct\showbase\Messenger.py", line 397, in send
    self.__dispatch(acceptorDict, event, sentArgs, foundWatch)
  File "C:\Users\Josh\Documents\Toontown Empire\Toontown Empire\Toontown Empire\Toontown Empire\src\dependencies\panda\direct\showbase\Messenger.py", line 482, in __dispatch
    method (*(extraArgs + sentArgs))
  File "toontown\building\DistributedDoor.py", line 342, in doorTrigger
    if self.isDoorHit():
  File "toontown\building\DistributedDoor.py", line 311, in isDoorHit
    return yToTest and isFacingForward
NameError: global name 'yToTest' is not defined
