TTLocalizer: Running in language: English
OTPLocalizer: Running in language: English
Preloading suits...
Preloading Toon heads...
Preloading avatars...
{401000001: <toontown.distributed.ToontownDistrict.ToontownDistrict instance at 0x1644AD00>}
__handleAvatarChooserDone: 100000002, 'Loud Picklehoffer', ('dss', 'ms', 's', 'm', 18, 26, 18, 18, 104, 27, 91, 27, 13, 27, 0), 3
Traceback (most recent call last):
  File "C:\Users\Joshua\Documents\Toontown Empire\src\dependencies\panda\direct\distributed\ConnectionRepository.py", line 617, in readerPollUntilEmpty
    while self.readerPollOnce():
  File "C:\Users\Joshua\Documents\Toontown Empire\src\dependencies\panda\direct\distributed\ConnectionRepository.py", line 624, in readerPollOnce
    self.handleDatagram(self.private__di)
  File "otp\distributed\OTPClientRepository.py", line 1263, in handleDatagram
    self.handleMessageType(msgType, di)
  File "otp\distributed\OTPClientRepository.py", line 1152, in handleMessageType
    self.handleGenerateWithRequiredOtherOwner(di)
  File "toontown\distributed\ToontownClientRepository.py", line 815, in handleGenerateWithRequiredOtherOwner
    self.handleAvatarResponseMsg(doId, di)
  File "toontown\distributed\ToontownClientRepository.py", line 313, in handleAvatarResponseMsg
    localAvatar.initInterface()
  File "toontown\toon\LocalToon.py", line 348, in initInterface
    self.addEventsPage()
  File "toontown\toon\LocalToon.py", line 1678, in addEventsPage
    self.eventsPage.load()
  File "toontown\shtiker\EventsPage.py", line 49, in load
    self.loadTabs()
  File "toontown\shtiker\EventsPage.py", line 68, in loadTabs
    if self.UseNewsTab:
AttributeError: 'EventsPage' object has no attribute 'UseNewsTab'
Traceback (most recent call last):
  File "otp\otpbase\OTPBase.py", line 178, in run
    taskMgr.run()
  File "C:\Users\Joshua\Documents\Toontown Empire\src\dependencies\panda\direct\task\Task.py", line 502, in run
    self.step()
  File "C:\Users\Joshua\Documents\Toontown Empire\src\dependencies\panda\direct\task\Task.py", line 460, in step
    self.mgr.poll()
  File "C:\Users\Joshua\Documents\Toontown Empire\src\dependencies\panda\direct\distributed\ConnectionRepository.py", line 617, in readerPollUntilEmpty
    while self.readerPollOnce():
  File "C:\Users\Joshua\Documents\Toontown Empire\src\dependencies\panda\direct\distributed\ConnectionRepository.py", line 624, in readerPollOnce
    self.handleDatagram(self.private__di)
  File "otp\distributed\OTPClientRepository.py", line 1263, in handleDatagram
    self.handleMessageType(msgType, di)
  File "otp\distributed\OTPClientRepository.py", line 1152, in handleMessageType
    self.handleGenerateWithRequiredOtherOwner(di)
  File "toontown\distributed\ToontownClientRepository.py", line 815, in handleGenerateWithRequiredOtherOwner
    self.handleAvatarResponseMsg(doId, di)
  File "toontown\distributed\ToontownClientRepository.py", line 313, in handleAvatarResponseMsg
    localAvatar.initInterface()
  File "toontown\toon\LocalToon.py", line 348, in initInterface
    self.addEventsPage()
  File "toontown\toon\LocalToon.py", line 1678, in addEventsPage
    self.eventsPage.load()
  File "toontown\shtiker\EventsPage.py", line 49, in load
    self.loadTabs()
  File "toontown\shtiker\EventsPage.py", line 68, in loadTabs
    if self.UseNewsTab:
AttributeError: 'EventsPage' object has no attribute 'UseNewsTab'
