TTLocalizer: Running in language: English
OTPLocalizer: Running in language: English
Preloading suits...
Preloading Toon heads...
Preloading avatars...
{401000001: <toontown.distributed.ToontownDistrict.ToontownDistrict instance at 0x16456A30>}
__handleAvatarChooserDone: 100000002, 'Loud Picklehoffer', ('dss', 'ms', 's', 'm', 18, 26, 18, 18, 104, 27, 91, 27, 13, 27, 0), 3
0
Reading DNA file... phase_4/dna/storage.pdna
Reading DNA file... phase_3.5/dna/storage_interior.pdna
Reading DNA file... phase_8/dna/storage_BR.pdna
Reading DNA file... phase_8/dna/storage_BR_sz.pdna
Reading DNA file... phase_8/dna/the_burrrgh_sz.pdna
OnscreenText.configure: mayChange == 0
OnscreenText.configure: mayChange == 0
OnscreenText.configure: mayChange == 0
OnscreenText.configure: mayChange == 0
OnscreenText.configure: mayChange == 0
OnscreenText.configure: mayChange == 0
OnscreenText.configure: mayChange == 0
OnscreenText.configure: mayChange == 0
OnscreenText.configure: mayChange == 0
OnscreenText.configure: mayChange == 0
OnscreenText.configure: mayChange == 0
OnscreenText.configure: mayChange == 0
Reading DNA file... phase_4/dna/storage.pdna
Reading DNA file... phase_3.5/dna/storage_interior.pdna
Reading DNA file... phase_8/dna/storage_DG.pdna
Reading DNA file... phase_8/dna/storage_DG_sz.pdna
Reading DNA file... phase_8/dna/daisys_garden_sz.pdna
Reading DNA file... phase_5/dna/storage_town.pdna
Reading DNA file... phase_8/dna/storage_DG_town.pdna
Reading DNA file... phase_8/dna/daisys_garden_5300.pdna
Battle Event localtoon-battle-event-3
chooseFireOpenShot <function allGroupLowShot at 0x11DC4CF0>
chooseFireOpenShot <function suitGroupThreeQuarterLeftBehindShot at 0x11DC4E70>
Warning: NodePath.remove() is deprecated.  Use remove_node() instead.
chooseFireOpenShot <function avatarCloseUpThrowShot at 0x11DC4F70>
chooseFireOpenShot <function avatarCloseUpFireShot at 0x11ED3570>
Warning: NodePath.remove() is deprecated.  Use remove_node() instead.
chooseFireOpenShot <function avatarBehindShot at 0x11ED3130>
chooseFireOpenShot <function suitGroupThreeQuarterLeftBehindShot at 0x11DC4E70>
Warning: NodePath.remove() is deprecated.  Use remove_node() instead.
Reading DNA file... phase_5/dna/storage_town.pdna
Reading DNA file... phase_8/dna/storage_DG_town.pdna
Reading DNA file... phase_8/dna/daisys_garden_5300.pdna
OnscreenText.configure: mayChange == 0
OnscreenText.configure: mayChange == 0
OnscreenText.configure: mayChange == 0
OnscreenText.configure: mayChange == 0
Reading DNA file... phase_4/dna/storage.pdna
Reading DNA file... phase_3.5/dna/storage_interior.pdna
OnscreenText.configure: mayChange == 0
OnscreenText.configure: mayChange == 0
OnscreenText.configure: mayChange == 0
OnscreenText.configure: mayChange == 0
Reading DNA file... phase_4/dna/storage.pdna
Reading DNA file... phase_3.5/dna/storage_interior.pdna
OnscreenText.configure: mayChange == 0
OnscreenText.configure: mayChange == 0
OnscreenText.configure: mayChange == 0
OnscreenText.configure: mayChange == 0
Reading DNA file... phase_4/dna/storage.pdna
Reading DNA file... phase_3.5/dna/storage_interior.pdna
OnscreenText.configure: mayChange == 0
OnscreenText.configure: mayChange == 0
OnscreenText.configure: mayChange == 0
OnscreenText.configure: mayChange == 0
Reading DNA file... phase_4/dna/storage.pdna
Reading DNA file... phase_3.5/dna/storage_interior.pdna
{401000001: <toontown.distributed.ToontownDistrict.ToontownDistrict instance at 0x16456A30>}
__handleAvatarChooserDone: 100000002, 'Loud Picklehoffer', ('dss', 'ms', 's', 'm', 18, 26, 18, 18, 104, 27, 91, 27, 13, 27, 0), 3
0
Reading DNA file... phase_4/dna/storage.pdna
Reading DNA file... phase_3.5/dna/storage_interior.pdna
OnscreenText.configure: mayChange == 0
OnscreenText.configure: mayChange == 0
OnscreenText.configure: mayChange == 0
OnscreenText.configure: mayChange == 0
Battle Event localtoon-battle-event-8
Reading DNA file... phase_4/dna/storage.pdna
Reading DNA file... phase_3.5/dna/storage_interior.pdna
Reading DNA file... phase_8/dna/storage_DL.pdna
Reading DNA file... phase_8/dna/storage_DL_sz.pdna
Reading DNA file... phase_8/dna/donalds_dreamland_sz.pdna
Reading DNA file... phase_5/dna/storage_town.pdna
Reading DNA file... phase_8/dna/storage_DL_town.pdna
Reading DNA file... phase_8/dna/donalds_dreamland_9300.pdna
