TTLocalizer: Running in language: English
OTPLocalizer: Running in language: English
Preloading suits...
Preloading Toon heads...
Preloading avatars...
Traceback (most recent call last):
  File "C:\Users\Joshua\Documents\Toontown Empire\src\dependencies\panda\python\lib\runpy.py", line 162, in _run_module_as_main
    "__main__", fname, loader, pkg_name)
  File "C:\Users\Joshua\Documents\Toontown Empire\src\dependencies\panda\python\lib\runpy.py", line 72, in _run_code
    exec code in run_globals
  File "C:\Users\Joshua\Documents\Toontown Empire\src\toontown\toonbase\ClientStart.py", line 171, in <module>
    from toontown.distributed import ToontownClientRepository
  File "toontown\distributed\ToontownClientRepository.py", line 32, in <module>
    from toontown.makeatoon import MakeAToon
  File "toontown\makeatoon\MakeAToon.py", line 21, in <module>
    from toontown.toon import LocalToon
  File "toontown\toon\LocalToon.py", line 64, in <module>
    from toontown.shtiker import NewsPage
  File "toontown\shtiker\NewsPage.py", line 12, in <module>
    from toontown.shtiker import DirectNewsFrame
  File "toontown\shtiker\DirectNewsFrame.py", line 11, in <module>
    from toontown.shtiker import IssueFrame
ImportError: cannot import name IssueFrame
